<?xml version="1.0" encoding="UTF-8"?>
<!-- Generated by org.testng.reporters.JUnitXMLReporter -->
<testsuite hostname="NBTaras1" ignored="0" name="Default test" tests="5" failures="0" timestamp="25 жовт. 2017 11:42:59 GMT" time="119.862" errors="0">
  <testcase name="support" time="5.769" classname="tests.TestNewClaim"/>
  <testcase name="register" time="2.222" classname="tests.TestCaseLoginLinks"/>
  <testcase name="test_Home_Page_Appear_Correct" time="11.709" classname="tests.TestCase"/>
  <testcase name="test_Home_Page_Appear_Correct" time="2.101" classname="tests.TestCaseNotValidAutorization"/>
  <testcase name="support" time="3.082" classname="tests.TestCaseLoginLinks"/>
</testsuite> <!-- Default test -->
